BOML202167:hw3 thuynh$ mvn test sonar:sonar
[INFO] Scanning for projects...
[INFO] 
[INFO] -----------------------------< cs5500:hw3 >-----------------------------
[INFO] Building hw3 0.0.1-SNAPSHOT
[INFO] --------------------------------[ jar ]---------------------------------
[INFO] 
[INFO] --- jacoco-maven-plugin:0.8.3:prepare-agent (prepare-agent) @ hw3 ---
[INFO] argLine set to -javaagent:/Users/thuynh/.m2/repository/org/jacoco/org.jacoco.agent/0.8.3/org.jacoco.agent-0.8.3-runtime.jar=destfile=/Users/thuynh/Documents/GitHub/CS5500/Homework-3/hw3/target/jacoco.exec,append=true
[INFO] 
[INFO] --- maven-resources-plugin:2.6:resources (default-resources) @ hw3 ---
[INFO] Using 'UTF-8' encoding to copy filtered resources.
[INFO] skip non existing resourceDirectory /Users/thuynh/Documents/GitHub/CS5500/Homework-3/hw3/src/main/resources
[INFO] 
[INFO] --- maven-compiler-plugin:3.1:compile (default-compile) @ hw3 ---
[INFO] Nothing to compile - all classes are up to date
[INFO] 
[INFO] --- maven-resources-plugin:2.6:testResources (default-testResources) @ hw3 ---
[INFO] Using 'UTF-8' encoding to copy filtered resources.
[INFO] skip non existing resourceDirectory /Users/thuynh/Documents/GitHub/CS5500/Homework-3/hw3/src/test/resources
[INFO] 
[INFO] --- maven-compiler-plugin:3.1:testCompile (default-testCompile) @ hw3 ---
[INFO] Nothing to compile - all classes are up to date
[INFO] 
[INFO] --- maven-surefire-plugin:2.12.4:test (default-test) @ hw3 ---
[INFO] Surefire report directory: /Users/thuynh/Documents/GitHub/CS5500/Homework-3/hw3/target/surefire-reports

-------------------------------------------------------
 T E S T S
-------------------------------------------------------
Running testiterator.BitVectorTest
Tests run: 10, Failures: 0, Errors: 0, Skipped: 0, Time elapsed: 6.993 sec
Running teststack.ArrayAdapterTest
Tests run: 5, Failures: 0, Errors: 0, Skipped: 0, Time elapsed: 0 sec
Running testobserver.SubjectTest
Tests run: 4, Failures: 0, Errors: 0, Skipped: 0, Time elapsed: 0.037 sec
Running testobserver.ObserverTest
log4j:WARN No appenders could be found for logger (root).
log4j:WARN Please initialize the log4j system properly.
log4j:WARN See http://logging.apache.org/log4j/1.2/faq.html#noconfig for more info.
Tests run: 1, Failures: 0, Errors: 0, Skipped: 0, Time elapsed: 0.011 sec

Results :

Tests run: 20, Failures: 0, Errors: 0, Skipped: 0

[INFO] 
[INFO] --- jacoco-maven-plugin:0.8.3:report (post-unit-test) @ hw3 ---
[INFO] Loading execution data file /Users/thuynh/Documents/GitHub/CS5500/Homework-3/hw3/target/jacoco.exec
[INFO] Analyzed bundle 'hw3' with 9 classes
[INFO] 
[INFO] -----------------------------< cs5500:hw3 >-----------------------------
[INFO] Building hw3 0.0.1-SNAPSHOT
[INFO] --------------------------------[ jar ]---------------------------------
[INFO] 
[INFO] --- sonar-maven-plugin:3.6.0.1398:sonar (default-cli) @ hw3 ---
[INFO] User cache: /Users/thuynh/.sonar/cache
[INFO] SonarQube version: 7.9.1
[INFO] Default locale: "en_US", source code encoding: "UTF-8"
[INFO] Load global settings
[INFO] Load global settings (done) | time=93ms
[INFO] Server id: BF41A1F2-AW2SNcAb-t4ZM5LQNSZV
[INFO] User cache: /Users/thuynh/.sonar/cache
[INFO] Load/download plugins
[INFO] Load plugins index
[INFO] Load plugins index (done) | time=46ms
[INFO] Load/download plugins (done) | time=110ms
[INFO] Process project properties
[INFO] Execute project builders
[INFO] Execute project builders (done) | time=2ms
[INFO] Project key: cs5500:hw3
[INFO] Base dir: /Users/thuynh/Documents/GitHub/CS5500/Homework-3/hw3
[INFO] Working dir: /Users/thuynh/Documents/GitHub/CS5500/Homework-3/hw3/target/sonar
[INFO] Load project settings for component key: 'cs5500:hw3'
[INFO] Load project settings for component key: 'cs5500:hw3' (done) | time=41ms
[INFO] Load quality profiles
[INFO] Load quality profiles (done) | time=91ms
[INFO] Load active rules
[INFO] Load active rules (done) | time=1549ms
[INFO] Indexing files...
[INFO] Project configuration:
[INFO] 19 files indexed
[INFO] 0 files ignored because of scm ignore settings
[INFO] Quality profile for java: Sonar way
[INFO] Quality profile for xml: Sonar way
[INFO] ------------- Run sensors on module hw3
[INFO] Load metrics repository
[INFO] Load metrics repository (done) | time=21ms
WARNING: An illegal reflective access operation has occurred
WARNING: Illegal reflective access by net.sf.cglib.core.ReflectUtils$1 (file:/Users/thuynh/.sonar/cache/866bb1adbf016ea515620f1aaa15ec53/sonar-javascript-plugin.jar) to method java.lang.ClassLoader.defineClass(java.lang.String,byte[],int,int,java.security.ProtectionDomain)
WARNING: Please consider reporting this to the maintainers of net.sf.cglib.core.ReflectUtils$1
WARNING: Use --illegal-access=warn to enable warnings of further illegal reflective access operations
WARNING: All illegal access operations will be denied in a future release
[INFO] Sensor JavaSquidSensor [java]
[INFO] Configured Java source version (sonar.java.source): 8
[INFO] JavaClasspath initialization
[INFO] JavaClasspath initialization (done) | time=10ms
[INFO] JavaTestClasspath initialization
[INFO] JavaTestClasspath initialization (done) | time=1ms
[INFO] Java Main Files AST scan
[INFO] 14 source files to be analyzed
[INFO] Load project repositories
[INFO] Load project repositories (done) | time=32ms
[INFO] 14/14 source files have been analyzed
[INFO] Java Main Files AST scan (done) | time=1148ms
[INFO] Java Test Files AST scan
[INFO] 4 source files to be analyzed
[INFO] Java Test Files AST scan (done) | time=115ms
[INFO] 4/4 source files have been analyzed
[INFO] Sensor JavaSquidSensor [java] (done) | time=1769ms
[INFO] Sensor JaCoCo XML Report Importer [jacoco]
[INFO] Sensor JaCoCo XML Report Importer [jacoco] (done) | time=2ms
[INFO] Sensor SurefireSensor [java]
[INFO] parsing [/Users/thuynh/Documents/GitHub/CS5500/Homework-3/hw3/target/surefire-reports]
[INFO] Sensor SurefireSensor [java] (done) | time=32ms
[INFO] Sensor JaCoCoSensor [java]
[WARNING] Property 'sonar.jacoco.reportPaths' is deprecated (JaCoCo binary format). 'sonar.coverage.jacoco.xmlReportPaths' should be used instead (JaCoCo XML format).
[INFO] Analysing /Users/thuynh/Documents/GitHub/CS5500/Homework-3/hw3/target/jacoco.exec
[INFO] Sensor JaCoCoSensor [java] (done) | time=89ms
[INFO] Sensor JavaXmlSensor [java]
[INFO] 1 source files to be analyzed
[INFO] Sensor JavaXmlSensor [java] (done) | time=168ms
[INFO] 1/1 source files have been analyzed
[INFO] Sensor HTML [web]
[INFO] Sensor HTML [web] (done) | time=12ms
[INFO] Sensor XML Sensor [xml]
[INFO] 1 source files to be analyzed
[INFO] Sensor XML Sensor [xml] (done) | time=135ms
[INFO] 1/1 source files have been analyzed
[INFO] ------------- Run sensors on project
[INFO] Sensor Zero Coverage Sensor
[INFO] Sensor Zero Coverage Sensor (done) | time=0ms
[INFO] Sensor Java CPD Block Indexer
[INFO] Sensor Java CPD Block Indexer (done) | time=24ms
[INFO] SCM provider for this project is: git
[INFO] 4 files to be analyzed
[INFO] 3/4 files analyzed
[WARNING] Missing blame information for the following files:
[WARNING]   * src/main/java/iterator/BitVector.java
[WARNING] This may lead to missing/broken features in SonarQube
[INFO] 9 files had no CPD blocks
[INFO] Calculating CPD for 5 files
[INFO] CPD calculation finished
[INFO] Analysis report generated in 84ms, dir size=128 KB
[INFO] Analysis report compressed in 77ms, zip size=47 KB
[INFO] Analysis report uploaded in 64ms
[INFO] ANALYSIS SUCCESSFUL, you can browse http://localhost:9000/dashboard?id=cs5500%3Ahw3
[INFO] Note that you will be able to access the updated dashboard once the server has processed the submitted analysis report
[INFO] More about the report processing at http://localhost:9000/api/ce/task?id=AW4EPHuhkhugFoRiTxSz
[INFO] Analysis total time: 6.290 s
[INFO] ------------------------------------------------------------------------
[INFO] BUILD SUCCESS
[INFO] ------------------------------------------------------------------------
[INFO] Total time:  16.764 s
[INFO] Finished at: 2019-10-25T14:45:03-04:00
[INFO] ------------------------------------------------------------------------
BOML202167:hw3 thuynh$ 
